{"uid":"24ba3fef16242948","name":"test_allure_steps","fullName":"tests.allure_step_statuses_test#test_allure_steps","historyId":"31587abf5e1abc7c463ea9017ddfd638","time":{"start":1673052238462,"stop":1673052238463,"duration":1},"status":"passed","flaky":false,"newFailed":false,"newBroken":false,"newPassed":false,"retriesCount":0,"retriesStatusChange":false,"beforeStages":[],"testStage":{"status":"passed","steps":[{"name":"Skipped step","time":{"start":1673052238462,"stop":1673052238462,"duration":0},"status":"skipped","statusMessage":"Skipped: Some skip reason\n","statusTrace":"  File \"/home/runner/work/allure-report/allure-report/tests/allure_step_statuses_test.py\", line 47, in test_allure_steps\n    pytest.skip('Some skip reason')\n  File \"/opt/hostedtoolcache/Python/3.11.1/x64/lib/python3.11/site-packages/_pytest/outcomes.py\", line 175, in skip\n    raise Skipped(msg=reason, allow_module_level=allow_module_level)\n","steps":[],"attachments":[],"parameters":[],"stepsCount":0,"attachmentsCount":0,"shouldDisplayMessage":true,"hasContent":true},{"name":"Failed step","time":{"start":1673052238462,"stop":1673052238462,"duration":0},"status":"failed","statusMessage":"AssertionError: Some failed check\n","statusTrace":"  File \"/home/runner/work/allure-report/allure-report/tests/allure_step_statuses_test.py\", line 49, in test_allure_steps\n    raise AssertionError('Some failed check')\n","steps":[],"attachments":[],"parameters":[],"stepsCount":0,"attachmentsCount":0,"shouldDisplayMessage":true,"hasContent":true},{"name":"Broken step","time":{"start":1673052238462,"stop":1673052238462,"duration":0},"status":"broken","statusMessage":"ValueError: Some broken exception\n","statusTrace":"  File \"/home/runner/work/allure-report/allure-report/tests/allure_step_statuses_test.py\", line 51, in test_allure_steps\n    raise ValueError('Some broken exception')\n","steps":[],"attachments":[],"parameters":[],"stepsCount":0,"attachmentsCount":0,"shouldDisplayMessage":true,"hasContent":true},{"name":"Skipped decorated step","time":{"start":1673052238463,"stop":1673052238463,"duration":0},"status":"skipped","statusMessage":"Skipped: Some skip reason\n","statusTrace":"  File \"/opt/hostedtoolcache/Python/3.11.1/x64/lib/python3.11/site-packages/allure_commons/_allure.py\", line 192, in impl\n    return func(*a, **kw)\n           ^^^^^^^^^^^^^^\n  File \"/home/runner/work/allure-report/allure-report/tests/allure_step_statuses_test.py\", line 57, in skipped_decorated_step\n    pytest.skip('Some skip reason')\n  File \"/opt/hostedtoolcache/Python/3.11.1/x64/lib/python3.11/site-packages/_pytest/outcomes.py\", line 175, in skip\n    raise Skipped(msg=reason, allow_module_level=allow_module_level)\n","steps":[],"attachments":[],"parameters":[],"stepsCount":0,"attachmentsCount":0,"shouldDisplayMessage":true,"hasContent":true}],"attachments":[],"parameters":[],"stepsCount":4,"attachmentsCount":0,"shouldDisplayMessage":false,"hasContent":true},"afterStages":[],"labels":[{"name":"parentSuite","value":"tests"},{"name":"suite","value":"allure_step_statuses_test"},{"name":"host","value":"fv-az216-791"},{"name":"thread","value":"2341-MainThread"},{"name":"framework","value":"pytest"},{"name":"language","value":"cpython3"},{"name":"package","value":"tests.allure_step_statuses_test"},{"name":"resultFormat","value":"allure2"}],"parameters":[],"links":[],"hidden":false,"retry":false,"extra":{"severity":"normal","retries":[],"categories":[],"tags":[]},"source":"24ba3fef16242948.json","parameterValues":[]}